2024-12-16 14:17:16.227 +05:30  INF  User profile is available. Using 'C:\Users\anil.pardarthi\AppData\Local\ASP.NET\DataProtection-Keys' as key repository and Windows DPAPI to encrypt keys at rest.
2024-12-16 14:17:16.871 +05:30  INF  Now listening on: https://localhost:7038
2024-12-16 14:17:16.871 +05:30  INF  Now listening on: http://localhost:5038
2024-12-16 14:17:17.020 +05:30  INF  Application started. Press Ctrl+C to shut down.
2024-12-16 14:17:17.021 +05:30  INF  Hosting environment: Development
2024-12-16 14:17:17.021 +05:30  INF  Content root path: D:\Anil\Final_UI_Client\API\SIMAPI
2024-12-16 14:17:19.485 +05:30  INF  Request starting HTTP/2 GET https://localhost:7038/swagger/index.html - null null
2024-12-16 14:17:20.380 +05:30  INF  Request finished HTTP/2 GET https://localhost:7038/swagger/index.html - 200 null text/html;charset=utf-8 932.0029ms
2024-12-16 14:17:20.436 +05:30  INF  Request starting HTTP/2 GET https://localhost:7038/swagger/index.js - null null
2024-12-16 14:17:20.441 +05:30  INF  Request starting HTTP/2 GET https://localhost:7038/_framework/aspnetcore-browser-refresh.js - null null
2024-12-16 14:17:20.443 +05:30  INF  Request finished HTTP/2 GET https://localhost:7038/swagger/index.js - 200 null application/javascript;charset=utf-8 7.0705ms
2024-12-16 14:17:20.443 +05:30  INF  Request starting HTTP/2 GET https://localhost:7038/_vs/browserLink - null null
2024-12-16 14:17:20.506 +05:30  INF  Request finished HTTP/2 GET https://localhost:7038/_framework/aspnetcore-browser-refresh.js - 200 13748 application/javascript; charset=utf-8 67.3424ms
2024-12-16 14:17:20.640 +05:30  INF  Request finished HTTP/2 GET https://localhost:7038/_vs/browserLink - 200 null text/javascript; charset=UTF-8 197.1598ms
2024-12-16 14:17:20.935 +05:30  INF  Request starting HTTP/2 GET https://localhost:7038/swagger/v1/swagger.json - null null
2024-12-16 14:17:21.099 +05:30  INF  Request finished HTTP/2 GET https://localhost:7038/swagger/v1/swagger.json - 200 null application/json;charset=utf-8 163.5724ms
2024-12-16 14:18:19.739 +05:30  INF  Request starting HTTP/2 POST https://localhost:7038/api/Login/ValidateUser?email=mahesh%40gmail.com&password=admin%40123 - null 0
2024-12-16 14:18:19.784 +05:30  INF  CORS policy execution successful.
2024-12-16 14:18:19.898 +05:30  INF  Executing endpoint 'SIMAPI.Controllers.LoginController.ValidateUser (SIMAPI)'
2024-12-16 14:18:19.974 +05:30  INF  Route matched with {action = "ValidateUser", controller = "Login"}. Executing controller action with signature System.Threading.Tasks.Task`1[Microsoft.AspNetCore.Mvc.IActionResult] ValidateUser(System.String, System.String) on controller SIMAPI.Controllers.LoginController (SIMAPI).
2024-12-16 14:18:22.145 +05:30  WRN  No store type was specified for the decimal property 'SimCost' on entity type 'Sim'. This will cause values to be silently truncated if they do not fit in the default precision and scale. Explicitly specify the SQL server column type that can accommodate all the values in 'OnModelCreating' using 'HasColumnType', specify precision and scale using 'HasPrecision', or configure a value converter using 'HasConversion'.
2024-12-16 14:18:22.146 +05:30  WRN  No store type was specified for the decimal property 'BonusRateOnSim' on entity type 'SimTopup'. This will cause values to be silently truncated if they do not fit in the default precision and scale. Explicitly specify the SQL server column type that can accommodate all the values in 'OnModelCreating' using 'HasColumnType', specify precision and scale using 'HasPrecision', or configure a value converter using 'HasConversion'.
2024-12-16 14:18:22.146 +05:30  WRN  No store type was specified for the decimal property 'CommissionRateOnSim' on entity type 'SimTopup'. This will cause values to be silently truncated if they do not fit in the default precision and scale. Explicitly specify the SQL server column type that can accommodate all the values in 'OnModelCreating' using 'HasColumnType', specify precision and scale using 'HasPrecision', or configure a value converter using 'HasConversion'.
2024-12-16 14:18:22.146 +05:30  WRN  No store type was specified for the decimal property 'TopupAmount' on entity type 'SimTopup'. This will cause values to be silently truncated if they do not fit in the default precision and scale. Explicitly specify the SQL server column type that can accommodate all the values in 'OnModelCreating' using 'HasColumnType', specify precision and scale using 'HasPrecision', or configure a value converter using 'HasConversion'.
2024-12-16 14:18:22.146 +05:30  WRN  No store type was specified for the decimal property 'ProductCost' on entity type 'SupplierProduct'. This will cause values to be silently truncated if they do not fit in the default precision and scale. Explicitly specify the SQL server column type that can accommodate all the values in 'OnModelCreating' using 'HasColumnType', specify precision and scale using 'HasPrecision', or configure a value converter using 'HasConversion'.
2024-12-16 14:18:22.146 +05:30  WRN  No store type was specified for the decimal property 'BonusAmount' on entity type 'CommissionListModel'. This will cause values to be silently truncated if they do not fit in the default precision and scale. Explicitly specify the SQL server column type that can accommodate all the values in 'OnModelCreating' using 'HasColumnType', specify precision and scale using 'HasPrecision', or configure a value converter using 'HasConversion'.
2024-12-16 14:18:22.147 +05:30  WRN  No store type was specified for the decimal property 'CommissionAmount' on entity type 'CommissionListModel'. This will cause values to be silently truncated if they do not fit in the default precision and scale. Explicitly specify the SQL server column type that can accommodate all the values in 'OnModelCreating' using 'HasColumnType', specify precision and scale using 'HasPrecision', or configure a value converter using 'HasConversion'.
2024-12-16 14:18:22.147 +05:30  WRN  No store type was specified for the decimal property 'Comm1' on entity type 'CommissionStatementModel'. This will cause values to be silently truncated if they do not fit in the default precision and scale. Explicitly specify the SQL server column type that can accommodate all the values in 'OnModelCreating' using 'HasColumnType', specify precision and scale using 'HasPrecision', or configure a value converter using 'HasConversion'.
2024-12-16 14:18:22.147 +05:30  WRN  No store type was specified for the decimal property 'Comm2' on entity type 'CommissionStatementModel'. This will cause values to be silently truncated if they do not fit in the default precision and scale. Explicitly specify the SQL server column type that can accommodate all the values in 'OnModelCreating' using 'HasColumnType', specify precision and scale using 'HasPrecision', or configure a value converter using 'HasConversion'.
2024-12-16 14:18:22.147 +05:30  WRN  No store type was specified for the decimal property 'Rate1' on entity type 'CommissionStatementModel'. This will cause values to be silently truncated if they do not fit in the default precision and scale. Explicitly specify the SQL server column type that can accommodate all the values in 'OnModelCreating' using 'HasColumnType', specify precision and scale using 'HasPrecision', or configure a value converter using 'HasConversion'.
2024-12-16 14:18:22.147 +05:30  WRN  No store type was specified for the decimal property 'Rate2' on entity type 'CommissionStatementModel'. This will cause values to be silently truncated if they do not fit in the default precision and scale. Explicitly specify the SQL server column type that can accommodate all the values in 'OnModelCreating' using 'HasColumnType', specify precision and scale using 'HasPrecision', or configure a value converter using 'HasConversion'.
2024-12-16 14:18:22.147 +05:30  WRN  No store type was specified for the decimal property 'BonusAmount' on entity type 'OnFieldCommissionModel'. This will cause values to be silently truncated if they do not fit in the default precision and scale. Explicitly specify the SQL server column type that can accommodate all the values in 'OnModelCreating' using 'HasColumnType', specify precision and scale using 'HasPrecision', or configure a value converter using 'HasConversion'.
2024-12-16 14:18:22.147 +05:30  WRN  No store type was specified for the decimal property 'CommissionAmount' on entity type 'OnFieldCommissionModel'. This will cause values to be silently truncated if they do not fit in the default precision and scale. Explicitly specify the SQL server column type that can accommodate all the values in 'OnModelCreating' using 'HasColumnType', specify precision and scale using 'HasPrecision', or configure a value converter using 'HasConversion'.
2024-12-16 14:18:22.148 +05:30  WRN  No store type was specified for the decimal property 'Amount' on entity type 'ShopWalletAmountModel'. This will cause values to be silently truncated if they do not fit in the default precision and scale. Explicitly specify the SQL server column type that can accommodate all the values in 'OnModelCreating' using 'HasColumnType', specify precision and scale using 'HasPrecision', or configure a value converter using 'HasConversion'.
2024-12-16 14:18:22.148 +05:30  WRN  No store type was specified for the decimal property 'Amount' on entity type 'ShopWalletHistoryModel'. This will cause values to be silently truncated if they do not fit in the default precision and scale. Explicitly specify the SQL server column type that can accommodate all the values in 'OnModelCreating' using 'HasColumnType', specify precision and scale using 'HasPrecision', or configure a value converter using 'HasConversion'.
2024-12-16 14:18:22.148 +05:30  WRN  No store type was specified for the decimal property 'AchievedPercent' on entity type 'KPITargetReportModel'. This will cause values to be silently truncated if they do not fit in the default precision and scale. Explicitly specify the SQL server column type that can accommodate all the values in 'OnModelCreating' using 'HasColumnType', specify precision and scale using 'HasPrecision', or configure a value converter using 'HasConversion'.
2024-12-16 14:18:24.441 +05:30  INF  Executed DbCommand (225ms) [Parameters=[@__email_0='?' (Size = 4000), @__password_1='?' (Size = 4000)], CommandType='"Text"', CommandTimeout='30']
SELECT TOP(1) [u].[UserId], [u].[Address], [u].[CreatedBy], [u].[CreatedDate], [u].[DOB], [u].[DOJ], [u].[Designation], [u].[Email], [u].[FirstName], [u].[Gender], [u].[IsLeapAccess], [u].[IsMcomAccess], [u].[LastName], [u].[Locality], [u].[Mobile], [u].[Password], [u].[Status], [u].[UpdatedBy], [u].[UpdatedDate], [u].[UserImage], [u].[UserName], [u].[UserRoleId], [u0].[UserRoleId], [u0].[RoleName]
FROM [User] AS [u]
INNER JOIN [UserRole] AS [u0] ON [u].[UserRoleId] = [u0].[UserRoleId]
WHERE [u].[Email] = @__email_0 AND [u].[Password] = @__password_1 AND [u].[Status] = CAST(1 AS smallint)
2024-12-16 14:18:24.750 +05:30  INF  Executed DbCommand (22ms) [Parameters=[@userRoleId='?' (DbType = Int32)], CommandType='"Text"', CommandTimeout='30']
exec dbo.Get_User_Options @userRoleId
2024-12-16 14:18:25.059 +05:30  INF  Executing JsonResult, writing value of type 'SIMAPI.Data.Models.CommonResponse'.
2024-12-16 14:18:25.098 +05:30  INF  Executed action SIMAPI.Controllers.LoginController.ValidateUser (SIMAPI) in 5117.8264ms
2024-12-16 14:18:25.100 +05:30  INF  Executed endpoint 'SIMAPI.Controllers.LoginController.ValidateUser (SIMAPI)'
2024-12-16 14:18:25.113 +05:30  INF  Request finished HTTP/2 POST https://localhost:7038/api/Login/ValidateUser?email=mahesh%40gmail.com&password=admin%40123 - 200 null application/json; charset=utf-8 5375.1196ms
2024-12-16 14:18:54.363 +05:30  INF  Request starting HTTP/2 POST https://localhost:7038/api/Login/Authenticate - application/json 60
2024-12-16 14:18:54.369 +05:30  INF  CORS policy execution successful.
2024-12-16 14:18:54.371 +05:30  INF  Executing endpoint 'SIMAPI.Controllers.LoginController.ValidateUser (SIMAPI)'
2024-12-16 14:18:54.386 +05:30  INF  Route matched with {action = "ValidateUser", controller = "Login"}. Executing controller action with signature System.Threading.Tasks.Task`1[Microsoft.AspNetCore.Mvc.IActionResult] ValidateUser(SIMAPI.Data.Models.LoginRequest) on controller SIMAPI.Controllers.LoginController (SIMAPI).
2024-12-16 14:18:54.510 +05:30  INF  Executed DbCommand (3ms) [Parameters=[@__email_0='?' (Size = 4000), @__password_1='?' (Size = 4000)], CommandType='"Text"', CommandTimeout='30']
SELECT TOP(1) [u].[UserId], [u].[Address], [u].[CreatedBy], [u].[CreatedDate], [u].[DOB], [u].[DOJ], [u].[Designation], [u].[Email], [u].[FirstName], [u].[Gender], [u].[IsLeapAccess], [u].[IsMcomAccess], [u].[LastName], [u].[Locality], [u].[Mobile], [u].[Password], [u].[Status], [u].[UpdatedBy], [u].[UpdatedDate], [u].[UserImage], [u].[UserName], [u].[UserRoleId], [u0].[UserRoleId], [u0].[RoleName]
FROM [User] AS [u]
INNER JOIN [UserRole] AS [u0] ON [u].[UserRoleId] = [u0].[UserRoleId]
WHERE [u].[Email] = @__email_0 AND [u].[Password] = @__password_1 AND [u].[Status] = CAST(1 AS smallint)
2024-12-16 14:18:54.513 +05:30  INF  Executed DbCommand (1ms) [Parameters=[@userRoleId='?' (DbType = Int32)], CommandType='"Text"', CommandTimeout='30']
exec dbo.Get_User_Options @userRoleId
2024-12-16 14:18:54.514 +05:30  INF  Executing JsonResult, writing value of type 'SIMAPI.Data.Models.CommonResponse'.
2024-12-16 14:18:54.515 +05:30  INF  Executed action SIMAPI.Controllers.LoginController.ValidateUser (SIMAPI) in 127.9825ms
2024-12-16 14:18:54.515 +05:30  INF  Executed endpoint 'SIMAPI.Controllers.LoginController.ValidateUser (SIMAPI)'
2024-12-16 14:18:54.515 +05:30  INF  Request finished HTTP/2 POST https://localhost:7038/api/Login/Authenticate - 200 null application/json; charset=utf-8 151.9715ms
2024-12-16 18:13:17.802 +05:30  INF  User profile is available. Using 'C:\Users\anil.pardarthi\AppData\Local\ASP.NET\DataProtection-Keys' as key repository and Windows DPAPI to encrypt keys at rest.
2024-12-16 18:13:18.422 +05:30  INF  Now listening on: https://localhost:7038
2024-12-16 18:13:18.423 +05:30  INF  Now listening on: http://localhost:5038
2024-12-16 18:13:18.428 +05:30  INF  Application started. Press Ctrl+C to shut down.
2024-12-16 18:13:18.429 +05:30  INF  Hosting environment: Development
2024-12-16 18:13:18.430 +05:30  INF  Content root path: D:\Anil\Final_UI_Client\API\SIMAPI
2024-12-16 19:26:18.653 +05:30  INF  User profile is available. Using 'C:\Users\anil.pardarthi\AppData\Local\ASP.NET\DataProtection-Keys' as key repository and Windows DPAPI to encrypt keys at rest.
2024-12-16 19:26:19.164 +05:30  INF  Now listening on: https://localhost:7038
2024-12-16 19:26:19.164 +05:30  INF  Now listening on: http://localhost:5038
2024-12-16 19:26:19.169 +05:30  INF  Application started. Press Ctrl+C to shut down.
2024-12-16 19:26:19.170 +05:30  INF  Hosting environment: Development
2024-12-16 19:26:19.170 +05:30  INF  Content root path: D:\Anil\Final_UI_Client\API\SIMAPI
2024-12-16 23:48:25.202 +05:30  INF  User profile is available. Using 'C:\Users\anil.pardarthi\AppData\Local\ASP.NET\DataProtection-Keys' as key repository and Windows DPAPI to encrypt keys at rest.
2024-12-16 23:48:25.516 +05:30  INF  Now listening on: https://localhost:7038
2024-12-16 23:48:25.516 +05:30  INF  Now listening on: http://localhost:5038
2024-12-16 23:48:25.519 +05:30  INF  Application started. Press Ctrl+C to shut down.
2024-12-16 23:48:25.519 +05:30  INF  Hosting environment: Development
2024-12-16 23:48:25.519 +05:30  INF  Content root path: D:\Anil\Final_UI_Client\API\SIMAPI
